<?xml version="1.0" encoding="UTF-8"?>
<testng-results ignored="0" total="3" passed="3" failed="0" skipped="0">
  <reporter-output>
  </reporter-output>
  <suite started-at="2021-09-14T17:54:39 EDT" name="Suite" finished-at="2021-09-14T17:55:17 EDT" duration-ms="38054">
    <groups>
    </groups>
    <test started-at="2021-09-14T17:54:39 EDT" name="NewAccount" finished-at="2021-09-14T17:55:08 EDT" duration-ms="29837">
      <class name="testCases.RegisterNewAccount">
        <test-method is-config="true" signature="initilizeDriver()[pri:0, instance:testCases.RegisterNewAccount@67080771]" started-at="2021-09-14T17:54:39 EDT" name="initilizeDriver" finished-at="2021-09-14T17:54:45 EDT" duration-ms="5289" status="PASS">
          <reporter-output>
          </reporter-output>
        </test-method> <!-- initilizeDriver -->
        <test-method signature="CreateAccount(java.util.Map)[pri:0, instance:testCases.RegisterNewAccount@67080771]" started-at="2021-09-14T17:54:45 EDT" name="CreateAccount" data-provider="Data" finished-at="2021-09-14T17:54:55 EDT" duration-ms="9955" status="PASS">
          <params>
            <param index="0">
              <value>
                <![CDATA[{AddressLine1=Street1, PhoneNo=1233452298, FirstName=Ram, State=Georgia, ZipCode=31901, LastName=Sharma, City=Columbus, Flag=Yes, EmailAddress=test40@mail.com, Password=hello123}]]>
              </value>
            </param>
          </params>
          <reporter-output>
          </reporter-output>
        </test-method> <!-- CreateAccount -->
        <test-method is-config="true" signature="quitDriver(org.testng.ITestResult)[pri:0, instance:testCases.RegisterNewAccount@67080771]" started-at="2021-09-14T17:54:55 EDT" name="quitDriver" finished-at="2021-09-14T17:54:56 EDT" duration-ms="1201" status="PASS">
          <params>
            <param index="0">
              <value>
                <![CDATA[[TestResult name=CreateAccount status=SUCCESS method=RegisterNewAccount.CreateAccount(java.util.Map)[pri:0, instance:testCases.RegisterNewAccount@67080771] output={null}]]]>
              </value>
            </param>
          </params>
          <reporter-output>
          </reporter-output>
        </test-method> <!-- quitDriver -->
        <test-method is-config="true" signature="initilizeDriver()[pri:0, instance:testCases.RegisterNewAccount@67080771]" started-at="2021-09-14T17:54:56 EDT" name="initilizeDriver" finished-at="2021-09-14T17:54:59 EDT" duration-ms="3446" status="PASS">
          <reporter-output>
          </reporter-output>
        </test-method> <!-- initilizeDriver -->
        <test-method signature="CreateAccount(java.util.Map)[pri:0, instance:testCases.RegisterNewAccount@67080771]" started-at="2021-09-14T17:54:59 EDT" name="CreateAccount" data-provider="Data" finished-at="2021-09-14T17:55:07 EDT" duration-ms="7880" status="PASS">
          <params>
            <param index="0">
              <value>
                <![CDATA[{AddressLine1=Street1, PhoneNo=1233452298, FirstName=Mohan, State=Georgia, ZipCode=31901, LastName=Sharma, City=Columbus, Flag=Yes, EmailAddress=test31@mail.com, Password=hello123}]]>
              </value>
            </param>
          </params>
          <reporter-output>
          </reporter-output>
        </test-method> <!-- CreateAccount -->
        <test-method is-config="true" signature="quitDriver(org.testng.ITestResult)[pri:0, instance:testCases.RegisterNewAccount@67080771]" started-at="2021-09-14T17:55:07 EDT" name="quitDriver" finished-at="2021-09-14T17:55:08 EDT" duration-ms="1168" status="PASS">
          <params>
            <param index="0">
              <value>
                <![CDATA[[TestResult name=CreateAccount status=SUCCESS method=RegisterNewAccount.CreateAccount(java.util.Map)[pri:0, instance:testCases.RegisterNewAccount@67080771] output={null}]]]>
              </value>
            </param>
          </params>
          <reporter-output>
          </reporter-output>
        </test-method> <!-- quitDriver -->
      </class> <!-- testCases.RegisterNewAccount -->
    </test> <!-- NewAccount -->
    <test started-at="2021-09-14T17:55:08 EDT" name="ContactUs" finished-at="2021-09-14T17:55:17 EDT" duration-ms="8128">
      <class name="testCases.Contact_US_Scenario">
        <test-method is-config="true" signature="setupSuite()[pri:0, instance:testCases.Contact_US_Scenario@50ad3bc1]" started-at="2021-09-14T17:54:38 EDT" name="setupSuite" finished-at="2021-09-14T17:54:39 EDT" duration-ms="227" status="PASS">
          <reporter-output>
          </reporter-output>
        </test-method> <!-- setupSuite -->
        <test-method is-config="true" signature="initilizeDriver()[pri:0, instance:testCases.Contact_US_Scenario@50ad3bc1]" started-at="2021-09-14T17:55:09 EDT" name="initilizeDriver" finished-at="2021-09-14T17:55:12 EDT" duration-ms="3336" status="PASS">
          <reporter-output>
          </reporter-output>
        </test-method> <!-- initilizeDriver -->
        <test-method signature="ContactUs(java.util.Map)[pri:0, instance:testCases.Contact_US_Scenario@50ad3bc1]" started-at="2021-09-14T17:55:12 EDT" name="ContactUs" data-provider="Data" finished-at="2021-09-14T17:55:15 EDT" duration-ms="3549" status="PASS">
          <params>
            <param index="0">
              <value>
                <![CDATA[{SubjectHeading=Customer service, Flag=Yes, EmailAddress=test@email.com}]]>
              </value>
            </param>
          </params>
          <reporter-output>
          </reporter-output>
        </test-method> <!-- ContactUs -->
        <test-method is-config="true" signature="quitDriver(org.testng.ITestResult)[pri:0, instance:testCases.Contact_US_Scenario@50ad3bc1]" started-at="2021-09-14T17:55:15 EDT" name="quitDriver" finished-at="2021-09-14T17:55:17 EDT" duration-ms="1174" status="PASS">
          <params>
            <param index="0">
              <value>
                <![CDATA[[TestResult name=ContactUs status=SUCCESS method=Contact_US_Scenario.ContactUs(java.util.Map)[pri:0, instance:testCases.Contact_US_Scenario@50ad3bc1] output={null}]]]>
              </value>
            </param>
          </params>
          <reporter-output>
          </reporter-output>
        </test-method> <!-- quitDriver -->
        <test-method is-config="true" signature="publishReport()[pri:0, instance:testCases.Contact_US_Scenario@50ad3bc1]" started-at="2021-09-14T17:55:17 EDT" name="publishReport" finished-at="2021-09-14T17:55:17 EDT" duration-ms="435" status="PASS">
          <reporter-output>
          </reporter-output>
        </test-method> <!-- publishReport -->
      </class> <!-- testCases.Contact_US_Scenario -->
    </test> <!-- ContactUs -->
  </suite> <!-- Suite -->
</testng-results>
